FileVersion:        3

ResolutionOfTime:   Volume

Experiment:         NFRating_P04_S04_run3

BackgroundColor:    0 0 0
TextColor:          255 255 255
TimeCourseColor:    255 255 255
TimeCourseThick:    4
ReferenceFuncColor: 0 0 80
ReferenceFuncThick: 3

ParametricWeights:  1

NrOfConditions:     7

rest
11
   1   16 1
  51   66 1
 100  115 1
 149  164 1
 197  212 1
 249  264 1
 300  315 1
 350  365 1
 400  415 1
 449  464 1
 501  516 1
Color: 230 25 75

task6
5
  17   32 7
  67   82 10
 265  280 12
 366  381 4
 465  480 12
Color: 234 209 93

task9
5
 116  131 12
 165  180 11
 213  228 11
 316  331 12
 416  431 12
Color: 82 210 115

rating
9
  35   40 1
  84   89 1
 134  139 1
 182  187 1
 232  237 1
 283  288 1
 385  390 1
 433  438 1
 484  489 1
Color: 220 220 220

confidence
9
  43   48 1
  92   97 1
 141  146 1
 189  194 1
 241  246 1
 292  297 1
 392  397 1
 441  446 1
 493  498 1
Color: 150 150 150

feedback
10
  49   50 7
  98   99 10
 147  148 12
 195  196 11
 247  248 11
 298  299 12
 348  349 12
 398  399 4
 447  448 12
 499  500 12
Color: 245 130 48

ratingcatch
1
 333  338 1
Color: 56 181 169

confcatch
1
 342  347 1
Color: 255 117 211
