
FileVersion:        3

ResolutionOfTime:   Volume

Experiment:         NF_run_2

BackgroundColor:    0 0 0
TextColor:          255 255 255
TimeCourseColor:    255 255 255
TimeCourseThick:    4
ReferenceFuncColor: 0 0 80
ReferenceFuncThick: 3

NrOfConditions:     6

rest
11
   1   16
  51   66
 101  116
 149  164
 200  215
 249  264
 300  315
 352  367
 400  415
 451  466
 500  515
Color: 230 25 75

task6
5
  17   32
 117  132
 216  231
 368  383
 467  482
Color: 234 209 93

task9
5
  67   82
 165  180
 265  280
 316  331
 416  431
Color: 82 210 115

rating
10
  35   40
  86   91
 134  139
 183  188
 233  238
 283  288
 335  340
 385  390
 435  440
 485  490
Color: 220 220 220

confidence
10
  43   48
  93   98
 141  146
 192  197
 241  246
 292  297
 344  349
 392  397
 443  448
 492  497
Color: 150 150 150

feedback
10
  49   50
  99  100
 147  148
 198  199
 247  248
 298  299
 350  351
 398  399
 449  450
 498  499
Color: 245 130 48
