
FileVersion:        3

ResolutionOfTime:   Volume

Experiment:         NF_run_6

BackgroundColor:    0 0 0
TextColor:          255 255 255
TimeCourseColor:    255 255 255
TimeCourseThick:    4
ReferenceFuncColor: 0 0 80
ReferenceFuncThick: 3

NrOfConditions:     6

rest
11
   1   16
  52   67
 104  119
 153  168
 202  217
 251  266
 301  316
 350  365
 402  417
 450  465
 500  515
Color: 230 25 75

task6
5
 120  135
 169  184
 218  233
 267  282
 466  481
Color: 234 209 93

task9
5
  17   32
  68   83
 317  332
 366  381
 418  433
Color: 82 210 115

rating
10
  35   40
  87   92
 137  142
 187  192
 235  240
 285  290
 334  339
 385  390
 435  440
 485  490
Color: 220 220 220

confidence
10
  44   49
  96  101
 145  150
 194  199
 243  248
 293  298
 342  347
 394  399
 442  447
 492  497
Color: 150 150 150

feedback
10
  50   51
 102  103
 151  152
 200  201
 249  250
 299  300
 348  349
 400  401
 448  449
 498  499
Color: 245 130 48
