FileVersion:        3

ResolutionOfTime:   Volume

Experiment:         NFRating_P011_S03_run2

BackgroundColor:    0 0 0
TextColor:          255 255 255
TimeCourseColor:    255 255 255
TimeCourseThick:    4
ReferenceFuncColor: 0 0 80
ReferenceFuncThick: 3

ParametricWeights:  1

NrOfConditions:     7

rest
11
   1   16 1
  51   66 1
 101  116 1
 149  164 1
 200  215 1
 249  264 1
 300  315 1
 352  367 1
 400  415 1
 451  466 1
 500  515 1
Color: 230 25 75

task6
5
  17   32 2
 117  132 4
 216  231 2
 368  383 3
 467  482 1
Color: 234 209 93

task9
5
  67   82 3
 165  180 3
 265  280 4
 316  331 3
 416  431 3
Color: 82 210 115

rating
9
  35   40 1
  86   91 1
 134  139 1
 183  188 1
 233  238 1
 283  288 1
 335  340 1
 385  390 1
 435  440 1
Color: 220 220 220

confidence
9
  43   48 2
  93   98 3
 141  146 4
 192  197 3
 241  246 2
 292  297 4
 344  349 3
 392  397 3
 443  448 3
Color: 150 150 150

feedback
10
  49   50 1
  99  100 1
 147  148 1
 198  199 1
 247  248 1
 298  299 1
 350  351 1
 398  399 1
 449  450 1
 498  499 1
Color: 245 130 48

ratingcatch
1
 485  490 1
Color: 56 181 169

confcatch
1
 492  497 1
Color: 255 117 211
