FileVersion:        3

ResolutionOfTime:   Volume

Experiment:         NFRating_P09_S02_run1

BackgroundColor:    0 0 0
TextColor:          255 255 255
TimeCourseColor:    255 255 255
TimeCourseThick:    4
ReferenceFuncColor: 0 0 80
ReferenceFuncThick: 3

ParametricWeights:  1

NrOfConditions:     7

rest
11
   1   16 1
  50   65 1
 100  115 1
 151  166 1
 199  214 1
 249  264 1
 300  315 1
 349  364 1
 398  413 1
 449  464 1
 500  515 1
Color: 230 25 75

task6
5
  17   32 10
  66   81 7
 167  182 7
 265  280 10
 316  331 7
Color: 234 209 93

task9
5
 116  131 10
 215  230 7
 365  380 8
 414  429 10
 465  480 10
Color: 82 210 115

rating
9
  35   40 1
  83   88 1
 134  139 1
 184  189 1
 234  239 1
 283  288 1
 333  338 1
 433  438 1
 484  489 1
Color: 220 220 220

confidence
9
  42   47 1
  92   97 1
 143  148 1
 191  196 1
 241  246 1
 292  297 1
 341  346 1
 441  446 1
 492  497 1
Color: 150 150 150

feedback
10
  48   49 10
  98   99 7
 149  150 10
 197  198 7
 247  248 7
 298  299 10
 347  348 7
 396  397 8
 447  448 10
 498  499 10
Color: 245 130 48

ratingcatch
1
 383  388 1
Color: 56 181 169

confcatch
1
 390  395 1
Color: 255 117 211
