FileVersion:        3

ResolutionOfTime:   Volume

Experiment:         NFRating_P09_S03_run6

BackgroundColor:    0 0 0
TextColor:          255 255 255
TimeCourseColor:    255 255 255
TimeCourseThick:    4
ReferenceFuncColor: 0 0 80
ReferenceFuncThick: 3

ParametricWeights:  1

NrOfConditions:     7

rest
11
   1   16 1
  52   67 1
 104  119 1
 153  168 1
 202  217 1
 251  266 1
 301  316 1
 350  365 1
 402  417 1
 450  465 1
 500  515 1
Color: 230 25 75

task6
5
 120  135 7
 169  184 7
 218  233 1
 267  282 7
 466  481 7
Color: 234 209 93

task9
5
  17   32 6
  68   83 6
 317  332 7
 366  381 6
 418  433 5
Color: 82 210 115

rating
9
  35   40 1
  87   92 1
 137  142 1
 187  192 1
 285  290 1
 334  339 1
 385  390 1
 435  440 1
 485  490 1
Color: 220 220 220

confidence
9
  44   49 6
  96  101 6
 145  150 7
 194  199 7
 293  298 7
 342  347 7
 394  399 6
 442  447 5
 492  497 7
Color: 150 150 150

feedback
10
  50   51 1
 102  103 1
 151  152 1
 200  201 1
 249  250 1
 299  300 1
 348  349 1
 400  401 1
 448  449 1
 498  499 1
Color: 245 130 48

ratingcatch
1
 235  240 1
Color: 56 181 169

confcatch
1
 243  248 1
Color: 255 117 211
