FileVersion:        3

ResolutionOfTime:   Volume

Experiment:         NFRating_P07_S04_run3

BackgroundColor:    0 0 0
TextColor:          255 255 255
TimeCourseColor:    255 255 255
TimeCourseThick:    4
ReferenceFuncColor: 0 0 80
ReferenceFuncThick: 3

ParametricWeights:  1

NrOfConditions:     7

rest
11
   1   16 1
  51   66 1
 100  115 1
 149  164 1
 197  212 1
 249  264 1
 300  315 1
 350  365 1
 400  415 1
 449  464 1
 501  516 1
Color: 230 25 75

task6
5
  17   32 5
  67   82 6
 265  280 6
 366  381 6
 465  480 6
Color: 234 209 93

task9
5
 116  131 9
 165  180 9
 213  228 10
 316  331 1
 416  431 8
Color: 82 210 115

rating
9
  35   40 5
  84   89 6
 134  139 9
 182  187 9
 232  237 10
 283  288 6
 385  390 6
 433  438 8
 484  489 6
Color: 220 220 220

confidence
9
  43   48 1
  92   97 1
 141  146 1
 189  194 1
 241  246 1
 292  297 1
 392  397 1
 441  446 1
 493  498 1
Color: 150 150 150

feedback
10
  49   50 1
  98   99 1
 147  148 1
 195  196 1
 247  248 1
 298  299 1
 348  349 1
 398  399 1
 447  448 1
 499  500 1
Color: 245 130 48

ratingcatch
1
 333  338 1
Color: 56 181 169

confcatch
1
 342  347 1
Color: 255 117 211
