FileVersion:        3

ResolutionOfTime:   Volume

Experiment:         NFRating_P06_S03_run2

BackgroundColor:    0 0 0
TextColor:          255 255 255
TimeCourseColor:    255 255 255
TimeCourseThick:    4
ReferenceFuncColor: 0 0 80
ReferenceFuncThick: 3

ParametricWeights:  1

NrOfConditions:     7

rest
11
   1   16 1
  51   66 1
 101  116 1
 149  164 1
 200  215 1
 249  264 1
 300  315 1
 352  367 1
 400  415 1
 451  466 1
 500  515 1
Color: 230 25 75

task6
5
  17   32 6
 117  132 6
 216  231 6
 368  383 6
 467  482 1
Color: 234 209 93

task9
5
  67   82 9
 165  180 9
 265  280 9
 316  331 9
 416  431 9
Color: 82 210 115

rating
9
  35   40 6
  86   91 9
 134  139 6
 183  188 9
 233  238 6
 283  288 9
 335  340 9
 385  390 6
 435  440 9
Color: 220 220 220

confidence
9
  43   48 1
  93   98 1
 141  146 1
 192  197 1
 241  246 1
 292  297 1
 344  349 1
 392  397 1
 443  448 1
Color: 150 150 150

feedback
10
  49   50 1
  99  100 1
 147  148 1
 198  199 1
 247  248 1
 298  299 1
 350  351 1
 398  399 1
 449  450 1
 498  499 1
Color: 245 130 48

ratingcatch
1
 485  490 1
Color: 56 181 169

confcatch
1
 492  497 1
Color: 255 117 211
